<?xml version="1.0" encoding="UTF-8"?>
<testng-results ignored="0" total="1" passed="1" failed="0" skipped="0">
  <reporter-output>
  </reporter-output>
  <suite started-at="2019-01-31T19:11:46Z" name="Default suite" finished-at="2019-01-31T19:12:30Z" duration-ms="43907">
    <groups>
    </groups>
    <test started-at="2019-01-31T19:11:46Z" name="Default test" finished-at="2019-01-31T19:12:30Z" duration-ms="43907">
      <class name="test.HomePageTest">
        <test-method is-config="true" signature="setUp()[pri:0, instance:test.HomePageTest@87a85e1]" started-at="2019-01-31T19:11:46Z" name="setUp" finished-at="2019-01-31T19:12:29Z" duration-ms="42986" status="PASS">
          <reporter-output>
          </reporter-output>
        </test-method> <!-- setUp -->
        <test-method signature="loginPageTitleTest()[pri:1, instance:test.HomePageTest@87a85e1]" started-at="2019-01-31T19:12:29Z" name="loginPageTitleTest" finished-at="2019-01-31T19:12:29Z" duration-ms="16" status="PASS">
          <reporter-output>
          </reporter-output>
        </test-method> <!-- loginPageTitleTest -->
        <test-method is-config="true" signature="tearDown()[pri:0, instance:test.HomePageTest@87a85e1]" started-at="2019-01-31T19:12:29Z" name="tearDown" finished-at="2019-01-31T19:12:30Z" duration-ms="858" status="PASS">
          <reporter-output>
          </reporter-output>
        </test-method> <!-- tearDown -->
      </class> <!-- test.HomePageTest -->
    </test> <!-- Default test -->
  </suite> <!-- Default suite -->
</testng-results>
