<?xml version="1.0" encoding="UTF-8"?>
<testng-results ignored="0" total="1" passed="1" failed="0" skipped="0">
  <reporter-output>
  </reporter-output>
  <suite started-at="2019-02-03T16:45:35Z" name="Default suite" finished-at="2019-02-03T16:46:29Z" duration-ms="54369">
    <groups>
    </groups>
    <test started-at="2019-02-03T16:45:35Z" name="Default test" finished-at="2019-02-03T16:46:29Z" duration-ms="54369">
      <class name="test.HomePageTest">
        <test-method is-config="true" signature="beforeTest()[pri:0, instance:test.HomePageTest@c03cf28]" started-at="2019-02-03T16:45:35Z" name="beforeTest" finished-at="2019-02-03T16:45:35Z" duration-ms="317" status="PASS">
          <reporter-output>
          </reporter-output>
        </test-method> <!-- beforeTest -->
        <test-method is-config="true" signature="setUp()[pri:0, instance:test.HomePageTest@c03cf28]" started-at="2019-02-03T16:45:35Z" name="setUp" finished-at="2019-02-03T16:46:27Z" duration-ms="51428" status="PASS">
          <reporter-output>
          </reporter-output>
        </test-method> <!-- setUp -->
        <test-method signature="loginPageTitleTest()[pri:1, instance:test.HomePageTest@c03cf28]" started-at="2019-02-03T16:46:27Z" name="loginPageTitleTest" finished-at="2019-02-03T16:46:27Z" duration-ms="27" status="PASS">
          <reporter-output>
          </reporter-output>
        </test-method> <!-- loginPageTitleTest -->
        <test-method is-config="true" signature="tearDown(org.testng.ITestResult)[pri:0, instance:test.HomePageTest@c03cf28]" started-at="2019-02-03T16:46:27Z" name="tearDown" finished-at="2019-02-03T16:46:29Z" duration-ms="2076" status="PASS">
          <params>
            <param index="0">
              <value>
                <![CDATA[[TestResult name=loginPageTitleTest status=SUCCESS method=HomePageTest.loginPageTitleTest()[pri:1, instance:test.HomePageTest@c03cf28] output={null}]]]>
              </value>
            </param>
          </params>
          <reporter-output>
          </reporter-output>
        </test-method> <!-- tearDown -->
        <test-method is-config="true" signature="afterTest()[pri:0, instance:test.HomePageTest@c03cf28]" started-at="2019-02-03T16:46:29Z" name="afterTest" finished-at="2019-02-03T16:46:29Z" duration-ms="474" status="PASS">
          <reporter-output>
          </reporter-output>
        </test-method> <!-- afterTest -->
      </class> <!-- test.HomePageTest -->
    </test> <!-- Default test -->
  </suite> <!-- Default suite -->
</testng-results>
